<?xml version="1.0" encoding="UTF-8"?>
<!-- Generated by org.testng.reporters.JUnitReportReporter -->
<testsuite hostname="ATMECSINDT-080" failures="0" tests="4" name="com.org.konakart.testscripts.HeroImagePage" time="22.128" errors="0" timestamp="16 Oct 2019 15:50:30 GMT" skipped="0">
  <testcase classname="com.org.konakart.testscripts.HeroImagePage" name="setup" time="16.580"/>
  <testcase classname="com.org.konakart.testscripts.HeroImagePage" name="clickOnHeroImage" time="4.960"/>
  <testcase classname="com.org.konakart.testscripts.HeroImagePage" name="validatetabsOfHeroImage" time="0.441"/>
  <testcase classname="com.org.konakart.testscripts.HeroImagePage" name="sortByActions" time="0.147"/>
</testsuite> <!-- com.org.konakart.testscripts.HeroImagePage -->
