<?xml version="1.0" encoding="UTF-8"?>
<!-- Generated by org.testng.reporters.JUnitReportReporter -->
<testsuite hostname="ATMECSINDT-080" failures="0" tests="7" name="com.org.atmecs.helpers.Services" time="33.606" errors="0" timestamp="26 Sep 2019 07:48:57 GMT" skipped="0">
  <testcase classname="com.org.atmecs.helpers.Services" name="setup" time="17.947"/>
  <testcase classname="com.org.atmecs.helpers.Services" name="ClickOnHome" time="4.970"/>
  <testcase classname="com.org.atmecs.helpers.Services" name="ValidateHomeFooter" time="0.141"/>
  <testcase classname="com.org.atmecs.helpers.Services" name="ClickOnAboutUs" time="4.969"/>
  <testcase classname="com.org.atmecs.helpers.Services" name="ValidateFooterAboutUs" time="0.099"/>
  <testcase classname="com.org.atmecs.helpers.Services" name="ClickOnServices" time="5.376"/>
  <testcase classname="com.org.atmecs.helpers.Services" name="ValidateFooterServices" time="0.104"/>
</testsuite> <!-- com.org.atmecs.helpers.Services -->
