<?xml version="1.0" encoding="UTF-8"?>
<!-- Generated by org.testng.reporters.JUnitReportReporter -->
<testsuite hostname="ATMECSINDT-080" failures="0" tests="18" name="com.atmecs.project.CSS.atmecs.testscripts.scenario1.ContactUs" time="23.057" errors="0" timestamp="27 Sep 2019 11:33:07 GMT" skipped="0">
  <testcase classname="com.atmecs.project.CSS.atmecs.testscripts.scenario1.ContactUs" name="setup" time="5.791"/>
  <testcase classname="com.atmecs.project.CSS.atmecs.testscripts.scenario1.ContactUs" name="ClickOnHome" time="0.560"/>
  <testcase classname="com.atmecs.project.CSS.atmecs.testscripts.scenario1.ContactUs" name="ValidateHomeFooter" time="0.783"/>
  <testcase classname="com.atmecs.project.CSS.atmecs.testscripts.scenario1.ContactUs" name="ClickOnAboutUs" time="2.841"/>
  <testcase classname="com.atmecs.project.CSS.atmecs.testscripts.scenario1.ContactUs" name="ValidateFooterAboutUs" time="0.863"/>
  <testcase classname="com.atmecs.project.CSS.atmecs.testscripts.scenario1.ContactUs" name="ClickOnServices" time="0.446"/>
  <testcase classname="com.atmecs.project.CSS.atmecs.testscripts.scenario1.ContactUs" name="ValidateFooterServices" time="0.743"/>
  <testcase classname="com.atmecs.project.CSS.atmecs.testscripts.scenario1.ContactUs" name="ClickOnPartners" time="2.818"/>
  <testcase classname="com.atmecs.project.CSS.atmecs.testscripts.scenario1.ContactUs" name="ValidateFooterPartners" time="0.664"/>
  <testcase classname="com.atmecs.project.CSS.atmecs.testscripts.scenario1.ContactUs" name="ClickOnMedia" time="0.412"/>
  <testcase classname="com.atmecs.project.CSS.atmecs.testscripts.scenario1.ContactUs" name="ValidateFooterMedia" time="0.825"/>
  <testcase classname="com.atmecs.project.CSS.atmecs.testscripts.scenario1.ContactUs" name="ClickOnInsights" time="0.459"/>
  <testcase classname="com.atmecs.project.CSS.atmecs.testscripts.scenario1.ContactUs" name="ValidateFooterInsights" time="0.808"/>
  <testcase classname="com.atmecs.project.CSS.atmecs.testscripts.scenario1.ContactUs" name="DateDiff" time="0.003"/>
  <testcase classname="com.atmecs.project.CSS.atmecs.testscripts.scenario1.ContactUs" name="ClickOnCareers" time="3.258"/>
  <testcase classname="com.atmecs.project.CSS.atmecs.testscripts.scenario1.ContactUs" name="ValidateFooterCareers" time="0.736"/>
  <testcase classname="com.atmecs.project.CSS.atmecs.testscripts.scenario1.ContactUs" name="ClickOnContactUs" time="0.406"/>
  <testcase classname="com.atmecs.project.CSS.atmecs.testscripts.scenario1.ContactUs" name="ValidateFooterContactUs" time="0.641"/>
</testsuite> <!-- com.atmecs.project.CSS.atmecs.testscripts.scenario1.ContactUs -->
