<?xml version="1.0" encoding="UTF-8"?>
<!-- Generated by org.testng.reporters.JUnitReportReporter -->
<testsuite hostname="ATMECSINDT-080" failures="0" tests="5" name="com.atmecs.project.CSS.atmecs.testscripts.scenario1.ServicesContext" time="15.234" errors="0" timestamp="30 Sep 2019 11:14:35 GMT" skipped="0">
  <testcase classname="com.atmecs.project.CSS.atmecs.testscripts.scenario1.ServicesContext" name="setup" time="5.144"/>
  <testcase classname="com.atmecs.project.CSS.atmecs.testscripts.scenario1.ServicesContext" name="ClickOnServices" time="0.756"/>
  <testcase classname="com.atmecs.project.CSS.atmecs.testscripts.scenario1.ServicesContext" name="ValidateDigitalLifeContext" time="4.232"/>
  <testcase classname="com.atmecs.project.CSS.atmecs.testscripts.scenario1.ServicesContext" name="ClickServices" time="0.458"/>
  <testcase classname="com.atmecs.project.CSS.atmecs.testscripts.scenario1.ServicesContext" name="ValidateInfrastructureServicesContext" time="4.644"/>
</testsuite> <!-- com.atmecs.project.CSS.atmecs.testscripts.scenario1.ServicesContext -->
