<?xml version="1.0" encoding="UTF-8"?>
<!-- Generated by org.testng.reporters.JUnitReportReporter -->
<testsuite hostname="ATMECSINDT-080" failures="0" tests="9" name="com.atmecs.project.CSS.atmecs.testscripts.scenario2.InsightBlogs" time="36.609" errors="0" timestamp="10 Oct 2019 12:55:58 GMT" skipped="0">
  <testcase classname="com.atmecs.project.CSS.atmecs.testscripts.scenario2.InsightBlogs" name="setup" time="22.705"/>
  <testcase classname="com.atmecs.project.CSS.atmecs.testscripts.scenario2.InsightBlogs" name="ClickOnInsights" time="0.250"/>
  <testcase classname="com.atmecs.project.CSS.atmecs.testscripts.scenario2.InsightBlogs" name="ClickOnBlogs" time="4.193"/>
  <testcase classname="com.atmecs.project.CSS.atmecs.testscripts.scenario2.InsightBlogs" name="ClickBlogImageLink" time="9.007"/>
  <testcase classname="com.atmecs.project.CSS.atmecs.testscripts.scenario2.InsightBlogs" name="ValidateBreadcrumb" time="0.075"/>
  <testcase classname="com.atmecs.project.CSS.atmecs.testscripts.scenario2.InsightBlogs" name="ValidateDate" time="0.032"/>
  <testcase classname="com.atmecs.project.CSS.atmecs.testscripts.scenario2.InsightBlogs" name="ValidateContent" time="0.034"/>
  <testcase classname="com.atmecs.project.CSS.atmecs.testscripts.scenario2.InsightBlogs" name="CLickOnPostComment" time="0.238"/>
  <testcase classname="com.atmecs.project.CSS.atmecs.testscripts.scenario2.InsightBlogs" name="ValidateErrorMessage" time="0.075"/>
</testsuite> <!-- com.atmecs.project.CSS.atmecs.testscripts.scenario2.InsightBlogs -->
