<?xml version="1.0" encoding="UTF-8"?>
<!-- Generated by org.testng.reporters.JUnitReportReporter -->
<testsuite hostname="ATMECSINDT-080" failures="0" tests="17" name="com.org.atmecs.testscripts.ContactUs" time="64.614" errors="0" timestamp="26 Sep 2019 08:22:01 GMT" skipped="0">
  <testcase classname="com.org.atmecs.testscripts.ContactUs" name="setup" time="19.796"/>
  <testcase classname="com.org.atmecs.testscripts.ContactUs" name="ClickOnHome" time="7.991"/>
  <testcase classname="com.org.atmecs.testscripts.ContactUs" name="ValidateHomeFooter" time="0.148"/>
  <testcase classname="com.org.atmecs.testscripts.ContactUs" name="ClickOnAboutUs" time="4.853"/>
  <testcase classname="com.org.atmecs.testscripts.ContactUs" name="ValidateFooterAboutUs" time="0.118"/>
  <testcase classname="com.org.atmecs.testscripts.ContactUs" name="ClickOnServices" time="7.181"/>
  <testcase classname="com.org.atmecs.testscripts.ContactUs" name="ValidateFooterServices" time="0.143"/>
  <testcase classname="com.org.atmecs.testscripts.ContactUs" name="ClickOnPartners" time="5.790"/>
  <testcase classname="com.org.atmecs.testscripts.ContactUs" name="ValidateFooterPartners" time="0.097"/>
  <testcase classname="com.org.atmecs.testscripts.ContactUs" name="ClickOnMedia" time="3.194"/>
  <testcase classname="com.org.atmecs.testscripts.ContactUs" name="ValidateFooterMedia" time="0.092"/>
  <testcase classname="com.org.atmecs.testscripts.ContactUs" name="ClickOnInsights" time="3.136"/>
  <testcase classname="com.org.atmecs.testscripts.ContactUs" name="ValidateFooterInsights" time="0.100"/>
  <testcase classname="com.org.atmecs.testscripts.ContactUs" name="ClickOnCareers" time="5.702"/>
  <testcase classname="com.org.atmecs.testscripts.ContactUs" name="ValidateFooterCareers" time="0.089"/>
  <testcase classname="com.org.atmecs.testscripts.ContactUs" name="ClickOnContactUs" time="6.043"/>
  <testcase classname="com.org.atmecs.testscripts.ContactUs" name="ValidateFooterContactUs" time="0.141"/>
</testsuite> <!-- com.org.atmecs.testscripts.ContactUs -->
