<?xml version="1.0" encoding="UTF-8"?>
<!-- Generated by org.testng.reporters.JUnitReportReporter -->
<testsuite hostname="ATMECSINDT-080" failures="0" tests="3" name="com.org.atmecs.testscripts.Home" time="24.194" errors="0" timestamp="26 Sep 2019 09:44:30 GMT" skipped="0">
  <testcase classname="com.org.atmecs.testscripts.Home" name="setup" time="19.414"/>
  <testcase classname="com.org.atmecs.testscripts.Home" name="ClickOnHome" time="4.675"/>
  <testcase classname="com.org.atmecs.testscripts.Home" name="ValidateHomeFooter" time="0.105"/>
</testsuite> <!-- com.org.atmecs.testscripts.Home -->
