<?xml version="1.0" encoding="UTF-8"?>
<!-- Generated by org.testng.reporters.JUnitReportReporter -->
<testsuite hostname="ATMECSINDT-080" failures="0" tests="15" name="com.org.atmecs.testscripts.Careers" time="58.430" errors="0" timestamp="26 Sep 2019 08:16:35 GMT" skipped="0">
  <testcase classname="com.org.atmecs.testscripts.Careers" name="setup" time="19.438"/>
  <testcase classname="com.org.atmecs.testscripts.Careers" name="ClickOnHome" time="4.999"/>
  <testcase classname="com.org.atmecs.testscripts.Careers" name="ValidateHomeFooter" time="0.125"/>
  <testcase classname="com.org.atmecs.testscripts.Careers" name="ClickOnAboutUs" time="5.462"/>
  <testcase classname="com.org.atmecs.testscripts.Careers" name="ValidateFooterAboutUs" time="0.115"/>
  <testcase classname="com.org.atmecs.testscripts.Careers" name="ClickOnServices" time="8.630"/>
  <testcase classname="com.org.atmecs.testscripts.Careers" name="ValidateFooterServices" time="0.130"/>
  <testcase classname="com.org.atmecs.testscripts.Careers" name="ClickOnPartners" time="6.774"/>
  <testcase classname="com.org.atmecs.testscripts.Careers" name="ValidateFooterPartners" time="0.129"/>
  <testcase classname="com.org.atmecs.testscripts.Careers" name="ClickOnMedia" time="3.161"/>
  <testcase classname="com.org.atmecs.testscripts.Careers" name="ValidateFooterMedia" time="0.090"/>
  <testcase classname="com.org.atmecs.testscripts.Careers" name="ClickOnInsights" time="3.106"/>
  <testcase classname="com.org.atmecs.testscripts.Careers" name="ValidateFooterInsights" time="0.096"/>
  <testcase classname="com.org.atmecs.testscripts.Careers" name="ClickOnCareers" time="6.048"/>
  <testcase classname="com.org.atmecs.testscripts.Careers" name="ValidateFooterCareers" time="0.127"/>
</testsuite> <!-- com.org.atmecs.testscripts.Careers -->
