<?xml version="1.0" encoding="UTF-8"?>
<!-- Generated by org.testng.reporters.JUnitReportReporter -->
<testsuite hostname="ATMECSINDT-080" failures="0" tests="1" name="com.atmecs.project.testbase.InvokeBrowser" time="14.527" errors="0" timestamp="26 Sep 2019 04:07:14 GMT" skipped="0">
  <testcase classname="com.atmecs.project.testbase.InvokeBrowser" name="setup" time="14.527"/>
</testsuite> <!-- com.atmecs.project.testbase.InvokeBrowser -->
