<?xml version="1.0" encoding="UTF-8"?>
<!-- Generated by org.testng.reporters.JUnitReportReporter -->
<testsuite hostname="ATMECSINDT-080" failures="0" tests="9" name="com.org.atmecs.testscripts.Partners" time="40.459" errors="0" timestamp="26 Sep 2019 07:58:48 GMT" skipped="0">
  <testcase classname="com.org.atmecs.testscripts.Partners" name="setup" time="18.000"/>
  <testcase classname="com.org.atmecs.testscripts.Partners" name="ClickOnHome" time="5.060"/>
  <testcase classname="com.org.atmecs.testscripts.Partners" name="ValidateHomeFooter" time="0.145"/>
  <testcase classname="com.org.atmecs.testscripts.Partners" name="ClickOnAboutUs" time="5.124"/>
  <testcase classname="com.org.atmecs.testscripts.Partners" name="ValidateFooterAboutUs" time="0.116"/>
  <testcase classname="com.org.atmecs.testscripts.Partners" name="ClickOnServices" time="5.975"/>
  <testcase classname="com.org.atmecs.testscripts.Partners" name="ValidateFooterServices" time="0.109"/>
  <testcase classname="com.org.atmecs.testscripts.Partners" name="ClickOnPartners" time="5.820"/>
  <testcase classname="com.org.atmecs.testscripts.Partners" name="ValidateFooterPartners" time="0.110"/>
</testsuite> <!-- com.org.atmecs.testscripts.Partners -->
