<?xml version="1.0" encoding="UTF-8"?>
<!-- Generated by org.testng.reporters.JUnitReportReporter -->
<testsuite hostname="ATMECSINDT-080" failures="0" tests="6" name="com.org.konakart.testscripts.SearchPage" time="27.040" errors="0" timestamp="15 Oct 2019 13:56:02 GMT" skipped="0">
  <testcase classname="com.org.konakart.testscripts.SearchPage" name="setup" time="15.783"/>
  <testcase classname="com.org.konakart.testscripts.SearchPage" name="clickOnDropDown" time="0.114"/>
  <testcase classname="com.org.konakart.testscripts.SearchPage" name="enterData" time="5.170"/>
  <testcase classname="com.org.konakart.testscripts.SearchPage" name="enterData" time="0.969"/>
  <testcase classname="com.org.konakart.testscripts.SearchPage" name="enterData" time="3.981"/>
  <testcase classname="com.org.konakart.testscripts.SearchPage" name="enterData" time="1.023"/>
</testsuite> <!-- com.org.konakart.testscripts.SearchPage -->
