<?xml version="1.0" encoding="UTF-8"?>
<!-- Generated by org.testng.reporters.JUnitReportReporter -->
<testsuite hostname="ATMECSINDT-080" failures="0" tests="3" name="com.atmecs.testscripts.scenario2.Insight" time="28.064" errors="0" timestamp="26 Sep 2019 10:41:56 GMT" skipped="0">
  <testcase classname="com.atmecs.testscripts.scenario2.Insight" name="setup" time="20.063"/>
  <testcase classname="com.atmecs.testscripts.scenario2.Insight" name="ClickOnInsights" time="3.139"/>
  <testcase classname="com.atmecs.testscripts.scenario2.Insight" name="ClickOnBlogs" time="4.862"/>
</testsuite> <!-- com.atmecs.testscripts.scenario2.Insight -->
