<?xml version="1.0" encoding="UTF-8"?>
<!-- Generated by org.testng.reporters.JUnitReportReporter -->
<testsuite hostname="ATMECSINDT-080" failures="0" tests="5" name="com.org.atmecs.helpers.AboutUs" time="28.149" errors="0" timestamp="26 Sep 2019 07:37:32 GMT" skipped="0">
  <testcase classname="com.org.atmecs.helpers.AboutUs" name="setup" time="17.757"/>
  <testcase classname="com.org.atmecs.helpers.AboutUs" name="ClickOnHome" time="5.174"/>
  <testcase classname="com.org.atmecs.helpers.AboutUs" name="ValidateHomeFooter" time="0.171"/>
  <testcase classname="com.org.atmecs.helpers.AboutUs" name="ClickOnAboutUs" time="4.919"/>
  <testcase classname="com.org.atmecs.helpers.AboutUs" name="ValidateFooterAboutUs" time="0.128"/>
</testsuite> <!-- com.org.atmecs.helpers.AboutUs -->
