<?xml version="1.0" encoding="UTF-8"?>
<!-- Generated by org.testng.reporters.JUnitReportReporter -->
<testsuite hostname="ATMECSINDT-080" failures="0" tests="13" name="com.org.atmecs.testscripts.Insights" time="51.158" errors="0" timestamp="26 Sep 2019 08:10:51 GMT" skipped="0">
  <testcase classname="com.org.atmecs.testscripts.Insights" name="setup" time="18.784"/>
  <testcase classname="com.org.atmecs.testscripts.Insights" name="ClickOnHome" time="5.723"/>
  <testcase classname="com.org.atmecs.testscripts.Insights" name="ValidateHomeFooter" time="0.172"/>
  <testcase classname="com.org.atmecs.testscripts.Insights" name="ClickOnAboutUs" time="5.002"/>
  <testcase classname="com.org.atmecs.testscripts.Insights" name="ValidateFooterAboutUs" time="0.112"/>
  <testcase classname="com.org.atmecs.testscripts.Insights" name="ClickOnServices" time="8.681"/>
  <testcase classname="com.org.atmecs.testscripts.Insights" name="ValidateFooterServices" time="0.163"/>
  <testcase classname="com.org.atmecs.testscripts.Insights" name="ClickOnPartners" time="5.889"/>
  <testcase classname="com.org.atmecs.testscripts.Insights" name="ValidateFooterPartners" time="0.114"/>
  <testcase classname="com.org.atmecs.testscripts.Insights" name="ClickOnMedia" time="3.173"/>
  <testcase classname="com.org.atmecs.testscripts.Insights" name="ValidateFooterMedia" time="0.083"/>
  <testcase classname="com.org.atmecs.testscripts.Insights" name="ClickOnInsights" time="3.173"/>
  <testcase classname="com.org.atmecs.testscripts.Insights" name="ValidateFooterInsights" time="0.089"/>
</testsuite> <!-- com.org.atmecs.testscripts.Insights -->
