<?xml version="1.0" encoding="UTF-8"?>
<!-- Generated by org.testng.reporters.JUnitReportReporter -->
<testsuite hostname="ATMECSINDT-080" failures="0" tests="5" name="com.atmecs.testscripts.scenario1.AboutUs" time="9.178" errors="0" timestamp="30 Sep 2019 10:52:11 GMT" skipped="0">
  <testcase classname="com.atmecs.testscripts.scenario1.AboutUs" name="setup" time="5.092"/>
  <testcase classname="com.atmecs.testscripts.scenario1.AboutUs" name="ClickOnHome" time="0.595"/>
  <testcase classname="com.atmecs.testscripts.scenario1.AboutUs" name="ValidationHomeFooter" time="0.272"/>
  <testcase classname="com.atmecs.testscripts.scenario1.AboutUs" name="ClickOnAboutUs" time="2.985"/>
  <testcase classname="com.atmecs.testscripts.scenario1.AboutUs" name="FooterValidationAboutUs" time="0.234"/>
</testsuite> <!-- com.atmecs.testscripts.scenario1.AboutUs -->
