<?xml version="1.0" encoding="UTF-8"?>
<!-- Generated by org.testng.reporters.JUnitReportReporter -->
<testsuite hostname="ATMECSINDT-080" failures="0" tests="11" name="com.org.atmecs.testscripts.Media" time="43.728" errors="0" timestamp="26 Sep 2019 08:05:05 GMT" skipped="0">
  <testcase classname="com.org.atmecs.testscripts.Media" name="setup" time="17.436"/>
  <testcase classname="com.org.atmecs.testscripts.Media" name="ClickOnHome" time="5.299"/>
  <testcase classname="com.org.atmecs.testscripts.Media" name="ValidateHomeFooter" time="0.144"/>
  <testcase classname="com.org.atmecs.testscripts.Media" name="ClickOnAboutUs" time="5.257"/>
  <testcase classname="com.org.atmecs.testscripts.Media" name="ValidateFooterAboutUs" time="0.105"/>
  <testcase classname="com.org.atmecs.testscripts.Media" name="ClickOnServices" time="6.774"/>
  <testcase classname="com.org.atmecs.testscripts.Media" name="ValidateFooterServices" time="0.129"/>
  <testcase classname="com.org.atmecs.testscripts.Media" name="ClickOnPartners" time="5.310"/>
  <testcase classname="com.org.atmecs.testscripts.Media" name="ValidateFooterPartners" time="0.102"/>
  <testcase classname="com.org.atmecs.testscripts.Media" name="ClickOnMedia" time="3.094"/>
  <testcase classname="com.org.atmecs.testscripts.Media" name="ValidateFooterMedia" time="0.078"/>
</testsuite> <!-- com.org.atmecs.testscripts.Media -->
