<?xml version="1.0" encoding="UTF-8"?>
<!-- Generated by org.testng.reporters.JUnitReportReporter -->
<testsuite hostname="ATMECSINDT-080" failures="0" tests="3" name="com.atmecs.project.CSS.org.atmecs.helpers.HomePage" time="23.335" errors="0" timestamp="26 Sep 2019 06:57:58 GMT" skipped="0">
  <testcase classname="com.atmecs.project.CSS.org.atmecs.helpers.HomePage" name="setup" time="17.437"/>
  <testcase classname="com.atmecs.project.CSS.org.atmecs.helpers.HomePage" name="ClickHome" time="5.897"/>
  <testcase classname="com.atmecs.project.CSS.org.atmecs.helpers.HomePage" name="test" time="0.001"/>
</testsuite> <!-- com.atmecs.project.CSS.org.atmecs.helpers.HomePage -->
