<?xml version="1.0" encoding="UTF-8"?>
<!-- Generated by org.testng.reporters.JUnitReportReporter -->
<testsuite hostname="ATMECSINDT-080" failures="0" tests="3" name="com.org.atmecs.helpers.Home" time="22.963" errors="0" timestamp="26 Sep 2019 07:35:54 GMT" skipped="0">
  <testcase classname="com.org.atmecs.helpers.Home" name="setup" time="17.850"/>
  <testcase classname="com.org.atmecs.helpers.Home" name="ClickOnHome" time="4.985"/>
  <testcase classname="com.org.atmecs.helpers.Home" name="ValidateHomeFooter" time="0.128"/>
</testsuite> <!-- com.org.atmecs.helpers.Home -->
