<?xml version="1.0" encoding="UTF-8"?>
<!-- Generated by org.testng.reporters.JUnitReportReporter -->
<testsuite hostname="ATMECSINDT-080" failures="0" tests="14" name="com.atmecs.testscripts.scenario1.Insights" time="23.010" errors="0" timestamp="30 Sep 2019 05:51:16 GMT" skipped="0">
  <testcase classname="com.atmecs.testscripts.scenario1.Insights" name="setup" time="5.547"/>
  <testcase classname="com.atmecs.testscripts.scenario1.Insights" name="ClickOnHome" time="2.916"/>
  <testcase classname="com.atmecs.testscripts.scenario1.Insights" name="ValidateHomeFooter" time="0.724"/>
  <testcase classname="com.atmecs.testscripts.scenario1.Insights" name="ClickOnAboutUs" time="3.309"/>
  <testcase classname="com.atmecs.testscripts.scenario1.Insights" name="ValidateFooterAboutUs" time="0.707"/>
  <testcase classname="com.atmecs.testscripts.scenario1.Insights" name="ClickOnServices" time="3.267"/>
  <testcase classname="com.atmecs.testscripts.scenario1.Insights" name="ValidateFooterServices" time="0.703"/>
  <testcase classname="com.atmecs.testscripts.scenario1.Insights" name="ClickOnPartners" time="2.782"/>
  <testcase classname="com.atmecs.testscripts.scenario1.Insights" name="ValidateFooterPartners" time="0.708"/>
  <testcase classname="com.atmecs.testscripts.scenario1.Insights" name="ClickOnMedia" time="0.445"/>
  <testcase classname="com.atmecs.testscripts.scenario1.Insights" name="ValidateFooterMedia" time="0.744"/>
  <testcase classname="com.atmecs.testscripts.scenario1.Insights" name="ClickOnInsights" time="0.413"/>
  <testcase classname="com.atmecs.testscripts.scenario1.Insights" name="ValidateFooterInsights" time="0.744"/>
  <testcase classname="com.atmecs.testscripts.scenario1.Insights" name="DateDiff" time="0.001"/>
</testsuite> <!-- com.atmecs.testscripts.scenario1.Insights -->
