<?xml version="1.0" encoding="UTF-8"?>
<!-- Generated by org.testng.reporters.JUnitReportReporter -->
<testsuite hostname="ATMECSINDT-080" failures="0" tests="5" name="com.org.atmecs.testscripts.ServicesContext" time="32.798" errors="0" timestamp="26 Sep 2019 09:36:40 GMT" skipped="0">
  <testcase classname="com.org.atmecs.testscripts.ServicesContext" name="setup" time="19.439"/>
  <testcase classname="com.org.atmecs.testscripts.ServicesContext" name="ClickOnServices" time="8.173"/>
  <testcase classname="com.org.atmecs.testscripts.ServicesContext" name="ValidateDigitalLifeContext" time="0.129"/>
  <testcase classname="com.org.atmecs.testscripts.ServicesContext" name="ClickServices" time="4.870"/>
  <testcase classname="com.org.atmecs.testscripts.ServicesContext" name="ValidateInfrastructureServicesContext" time="0.187"/>
</testsuite> <!-- com.org.atmecs.testscripts.ServicesContext -->
