<?xml version="1.0" encoding="UTF-8"?>
<!-- Generated by org.testng.reporters.JUnitReportReporter -->
<testsuite hostname="ATMECSINDT-080" failures="0" tests="1" name="com.org.konakart.helpers.ValidateDate" time="0.065" errors="0" timestamp="16 Oct 2019 12:00:51 GMT" skipped="0">
  <testcase classname="com.org.konakart.helpers.ValidateDate" name="validateReviewDate" time="0.065"/>
</testsuite> <!-- com.org.konakart.helpers.ValidateDate -->
